 chard =   7.0000000000000000        2.0000000000000000       0.10000000000000001     
 PEGS5-call comes next


 inseed=           1      (seed for generating unique sequences of Ranlux)

 Start ucnaicgv 
 Call hatch to get cross-section data

 HATCH-call comes next


 Quantities associated with each MEDIA:

 CA                      
      rho=   5.000000     g/cu.cm     rlc=   3.228830     cm
      ae=  0.5210000     MeV    ue=   10.51100     MeV
      ap=  0.1000000E-01 MeV    up=   10.00000     MeV


 H2O                     
      rho=   1.000000     g/cu.cm     rlc=   36.08300     cm
      ae=  0.5120000     MeV    ue=   10.51100     MeV
      ap=  0.1000000E-02 MeV    up=   10.00000     MeV


 AIR-AT-NTP              
      rho=  0.1122400E-02 g/cu.cm     rlc=   32624.50     cm
      ae=  0.5210000     MeV    ue=   10.51100     MeV
      ap=  0.1000000E-01 MeV    up=   10.00000     MeV

 medium(  1)=CA                      ecut=.52100     MeV, pcut=.10000E-01 MeV
   X-ray information for Z= 20
   K-X-ray energy in keV
     3.6920         3.6880         0.0000         4.0130    
     0.0000         4.0130         0.0000         0.0000    
     0.0000         0.0000    
   L-1 X-ray in keV
    0.41200        0.41200         0.0000         0.0000    
     0.0000         0.0000         0.0000         0.0000    
   L-2 X-ray in keV
    0.35000         0.0000         0.0000         0.0000         0.0000    
   L-3 X-ray in keV
     0.0000         0.0000         0.0000         0.0000    
     0.0000         0.0000         0.0000    
 medium(  2)=H2O                     ecut=.51200     MeV, pcut=.10000E-02 MeV
 medium(  3)=AIR-AT-NTP              ecut=.52100     MeV, pcut=.10000E-01 MeV
 medium(  4)=vacuum

 Energy/coordinates/direction cosines/etc.
      e                x              y              z
 u              v              w         iq    ir   iarg

   1.000000       0.000000       0.000000      -5.000000    
 -0.8186061     -0.3803990      0.4303263        0    3   -1
   1.000000       0.000000       0.000000      -5.000000    
 -0.8186061     -0.3803990      0.4303263        0    3    0
   1.000000      -4.000000      -1.858765      -2.897273    
 -0.8186061     -0.3803990      0.4303263        0    4    3
   1.000000       0.000000       0.000000      -5.000000    
  0.6261224     -0.6508031E-01  0.7770040        0    3   -1
   1.000000       0.000000       0.000000      -5.000000    
  0.6261224     -0.6508031E-01  0.7770040        0    3    0
   1.000000       2.021670     -0.2101360      -2.491153    
  0.6261224     -0.6508031E-01  0.7770040        0    2    0
   1.000000       3.500000     -0.3637964     -0.6565777    
  0.6261224     -0.6508031E-01  0.7770040        0    3    0
   1.000000       4.000000     -0.4157673     -0.3608879E-01
  0.6261224     -0.6508031E-01  0.7770040        0    4    3
   1.000000       0.000000       0.000000      -5.000000    
  0.5338287      0.7864400      0.3107074        0    3   -1
   1.000000       0.000000       0.000000      -5.000000    
  0.5338287      0.7864400      0.3107074        0    3    0
   1.000000       4.000000       5.892826      -2.671857    
  0.5338287      0.7864400      0.3107074        0    4    3
Error on #    121 Escape =   0.00000 Deposit =   0.99596
Error on #    153 Escape =   0.15618 Deposit =   0.83978
Error on #    257 Escape =   0.57339 Deposit =   0.42258
Error on #    476 Escape =   0.37765 Deposit =   0.62182
Error on #    493 Escape =   0.00000 Deposit =   0.99596
Error on #    541 Escape =   0.35231 Deposit =   0.64365
Error on #    639 Escape =   0.00000 Deposit =   0.99596
Error on #    812 Escape =   0.00000 Deposit =   0.99596
Error on #    874 Escape =   0.00000 Deposit =   0.99596
Error on #    945 Escape =   0.00000 Deposit =   0.99596
Error on #   1079 Escape =   0.00000 Deposit =   0.99956
Error on #   1114 Escape =   0.00000 Deposit =   0.99596
Error on #   1176 Escape =   0.16581 Deposit =   0.83384
Error on #   1342 Escape =   0.00000 Deposit =   0.99596
Error on #   1344 Escape =   0.32351 Deposit =   0.67596
Error on #   1469 Escape =   0.00000 Deposit =   0.99596
Error on #   1738 Escape =   0.20455 Deposit =   0.79141
Error on #   1824 Escape =   0.34278 Deposit =   0.65669
Error on #   1947 Escape =   0.00000 Deposit =   0.99956
Error on #     34 Escape =   0.00000 Deposit =   0.99543
Error on #    187 Escape =   0.00000 Deposit =   0.99596
Error on #    322 Escape =   0.00000 Deposit =   0.99965
Error on #    347 Escape =   0.31086 Deposit =   0.68879
Error on #    382 Escape =   0.00000 Deposit =   0.99596
Error on #    442 Escape =   0.00000 Deposit =   0.99596
Error on #    734 Escape =   0.57055 Deposit =   0.42910
Error on #    906 Escape =   0.00000 Deposit =   0.99596
Error on #    937 Escape =   0.00000 Deposit =   0.99596
Error on #   1042 Escape =   0.00000 Deposit =   0.99956
Error on #   1125 Escape =   0.00000 Deposit =   0.99596
Error on #   1177 Escape =   0.00000 Deposit =   0.99596
Error on #   1310 Escape =   0.21912 Deposit =   0.78035
Error on #   1397 Escape =   0.17711 Deposit =   0.81885
Error on #   1415 Escape =   0.21647 Deposit =   0.78309
Error on #   1519 Escape =   0.22562 Deposit =   0.77385
Error on #   1591 Escape =   0.22711 Deposit =   0.77236
Error on #   1680 Escape =   0.22201 Deposit =   0.77395
Error on #   1932 Escape =   0.53641 Deposit =   0.46306
Error on #   1977 Escape =   0.00000 Deposit =   0.99596
Error on #     28 Escape =   0.00000 Deposit =   0.99596
Error on #     83 Escape =   0.00000 Deposit =   0.99596
Error on #     92 Escape =   0.00000 Deposit =   0.99596
Error on #    435 Escape =   0.54568 Deposit =   0.45379
Error on #    549 Escape =   0.29224 Deposit =   0.70741
Error on #    670 Escape =   0.19669 Deposit =   0.79928
Error on #    819 Escape =   0.37912 Deposit =   0.62053
Error on #    901 Escape =   0.61735 Deposit =   0.37861
Error on #   1038 Escape =   0.00000 Deposit =   0.99192
Error on #   1163 Escape =   0.52968 Deposit =   0.46628
Error on #   1216 Escape =   0.00000 Deposit =   0.99596
Error on #   1328 Escape =   0.00000 Deposit =   0.99596
Error on #   1389 Escape =   0.00000 Deposit =   0.99596
Error on #   1503 Escape =   0.00000 Deposit =   0.99596
Error on #   1573 Escape =   0.00000 Deposit =   0.99965
Error on #   1829 Escape =   0.00000 Deposit =   0.99596
Error on #     17 Escape =   0.17562 Deposit =   0.82035
Error on #     51 Escape =   0.31759 Deposit =   0.68188
Error on #    116 Escape =   0.47641 Deposit =   0.52356
Error on #    302 Escape =   0.11859 Deposit =   0.87738
Error on #    453 Escape =   0.15107 Deposit =   0.84840
Error on #    621 Escape =   0.00000 Deposit =   0.99596
Error on #    745 Escape =   0.00000 Deposit =   0.99596
Error on #    762 Escape =   0.56955 Deposit =   0.42992
Error on #   1384 Escape =   0.13721 Deposit =   0.86235
Error on #   1422 Escape =   0.46551 Deposit =   0.53395
Error on #   1702 Escape =   0.60568 Deposit =   0.39379
Error on #   1876 Escape =   0.21618 Deposit =   0.78329
Error on #   1956 Escape =   0.00000 Deposit =   0.99596
Error on #     84 Escape =   0.00000 Deposit =   0.99596
Error on #    110 Escape =   0.25003 Deposit =   0.74593
Error on #    138 Escape =   0.28530 Deposit =   0.71066
Error on #    231 Escape =   0.00000 Deposit =   0.99596
Error on #    479 Escape =   0.00000 Deposit =   0.99965
Error on #    541 Escape =   0.08190 Deposit =   0.91766
Error on #    577 Escape =   0.00000 Deposit =   0.99596
Error on #    583 Escape =   0.00000 Deposit =   0.99561
Error on #    666 Escape =   0.43576 Deposit =   0.56020
Error on #    676 Escape =   0.34485 Deposit =   0.65462
Error on #    677 Escape =   0.21350 Deposit =   0.78597
Error on #    941 Escape =   0.00000 Deposit =   0.99596
Error on #    982 Escape =   0.00000 Deposit =   0.99596
Error on #   1071 Escape =   0.00000 Deposit =   0.99596
Error on #   1125 Escape =   0.00000 Deposit =   0.99192
Error on #   1226 Escape =   0.00000 Deposit =   0.99596
Error on #   1357 Escape =   0.00000 Deposit =   0.99562
Error on #   1631 Escape =   0.00000 Deposit =   0.99596
Error on #   1658 Escape =   0.00000 Deposit =   0.99596
Error on #   1729 Escape =   0.45020 Deposit =   0.54945
Error on #   1758 Escape =   0.00000 Deposit =   0.99596
Error on #     42 Escape =   0.00000 Deposit =   0.99596
Error on #    118 Escape =   0.51007 Deposit =   0.48940
Error on #    187 Escape =   0.29411 Deposit =   0.70536
Error on #    260 Escape =   0.00000 Deposit =   0.99596
Error on #    387 Escape =   0.00000 Deposit =   0.99956
Error on #    447 Escape =   0.57346 Deposit =   0.42600
Error on #    506 Escape =   0.23420 Deposit =   0.76536
Error on #    631 Escape =   0.00000 Deposit =   0.99596
Error on #    910 Escape =   0.27613 Deposit =   0.71984
Error on #    959 Escape =   0.28992 Deposit =   0.70964
Error on #   1144 Escape =   0.16931 Deposit =   0.82665
Error on #   1341 Escape =   0.00000 Deposit =   0.99596
Error on #   1598 Escape =   0.00000 Deposit =   0.99596
Error on #   1603 Escape =   0.60686 Deposit =   0.38911
Error on #   1712 Escape =   0.00000 Deposit =   0.99997
Error on #   1774 Escape =   0.76972 Deposit =   0.22624
Error on #   1830 Escape =   0.00000 Deposit =   0.99997
Error on #     44 Escape =   0.39933 Deposit =   0.59663
Error on #    166 Escape =   0.00000 Deposit =   0.99956
Error on #    374 Escape =   0.00000 Deposit =   0.99965
Error on #    509 Escape =   0.67029 Deposit =   0.32927
Error on #    520 Escape =   0.00000 Deposit =   0.99596
Error on #    667 Escape =   0.00000 Deposit =   0.99965
Error on #   1113 Escape =   0.00000 Deposit =   0.99596
Error on #   1228 Escape =   0.16995 Deposit =   0.82970
Error on #   1427 Escape =   0.10397 Deposit =   0.89199
Error on #   1626 Escape =   0.00000 Deposit =   0.99596
Error on #   1668 Escape =   0.00000 Deposit =   0.99596
Error on #   1684 Escape =   0.00000 Deposit =   0.99596
Error on #   1921 Escape =   0.00000 Deposit =   0.99965
Error on #     31 Escape =   0.26569 Deposit =   0.73396
Error on #    814 Escape =   0.14508 Deposit =   0.85088
Error on #    915 Escape =   0.18556 Deposit =   0.81040
Error on #    916 Escape =   0.00000 Deposit =   0.99596
Error on #    929 Escape =   0.00000 Deposit =   0.99965
Error on #   1112 Escape =   0.00000 Deposit =   0.99596
Error on #   1139 Escape =   0.00000 Deposit =   0.99596
Error on #   1545 Escape =   0.00000 Deposit =   0.99596
Error on #   1866 Escape =   0.00000 Deposit =   0.99596
Error on #   1887 Escape =   0.10023 Deposit =   0.89573
Error on #   1977 Escape =   0.00000 Deposit =   0.99596
Error on #    112 Escape =   0.00000 Deposit =   0.99192
Error on #    193 Escape =   0.30893 Deposit =   0.68703
Error on #    281 Escape =   0.00000 Deposit =   0.99596
Error on #    640 Escape =   0.24004 Deposit =   0.75943
Error on #    752 Escape =   0.89671 Deposit =   0.09925
Error on #    779 Escape =   0.00000 Deposit =   0.99596
Error on #    852 Escape =   0.00000 Deposit =   0.99596
Error on #    981 Escape =   0.00000 Deposit =   0.99596
Error on #   1192 Escape =   0.00000 Deposit =   0.99965
Error on #   1276 Escape =   0.27372 Deposit =   0.72224
Error on #   1318 Escape =   0.00000 Deposit =   0.99596
Error on #   1365 Escape =   0.11546 Deposit =   0.88050
Error on #   1647 Escape =   0.24286 Deposit =   0.75310
Error on #   1739 Escape =   0.00000 Deposit =   0.99596
Error on #   1896 Escape =   0.00000 Deposit =   0.99596
Error on #   1945 Escape =   0.00000 Deposit =   0.99596
Error on #    221 Escape =   0.15150 Deposit =   0.84816
Error on #    316 Escape =   0.00000 Deposit =   0.99596
Error on #    392 Escape =   0.00000 Deposit =   0.99596
Error on #    471 Escape =   0.51189 Deposit =   0.48776
Error on #    509 Escape =   0.74194 Deposit =   0.25753
Error on #    626 Escape =   0.61715 Deposit =   0.38232
Error on #    667 Escape =   0.00000 Deposit =   0.99596
Error on #    835 Escape =   0.00000 Deposit =   0.99596
Error on #   1137 Escape =   0.00000 Deposit =   0.99596
Error on #   1157 Escape =   0.21098 Deposit =   0.78849
Error on #   1173 Escape =   0.00000 Deposit =   0.99596
Error on #   1485 Escape =   0.00000 Deposit =   0.99596
Error on #   1573 Escape =   0.00000 Deposit =   0.99596
Error on #   1828 Escape =   0.00000 Deposit =   0.99965
Error on #    355 Escape =   0.00000 Deposit =   0.99965
Error on #    387 Escape =   0.25061 Deposit =   0.74535
Error on #    395 Escape =   0.31494 Deposit =   0.68462
Error on #    434 Escape =   0.00000 Deposit =   0.99596
Error on #    557 Escape =   0.14333 Deposit =   0.85632
Error on #    708 Escape =   0.00000 Deposit =   0.99596
Error on #    718 Escape =   0.28837 Deposit =   0.71128
Error on #    807 Escape =   0.00000 Deposit =   0.99596
Error on #   1059 Escape =   0.14080 Deposit =   0.85867
Error on #   1084 Escape =   0.39428 Deposit =   0.60519
Error on #   1179 Escape =   0.00000 Deposit =   0.99562
Error on #   1385 Escape =   0.00000 Deposit =   0.99596
Error on #   1661 Escape =   0.19949 Deposit =   0.79998
Error on #   1678 Escape =   0.00000 Deposit =   0.99956
Error on #   1679 Escape =   0.27623 Deposit =   0.72323
Error on #   1902 Escape =   0.00000 Deposit =   0.99596
Error on #   1909 Escape =   0.45189 Deposit =   0.54407
Error on #     81 Escape =   0.00000 Deposit =   0.99956
Error on #    340 Escape =   0.22325 Deposit =   0.77271
Error on #    368 Escape =   0.00000 Deposit =   0.99596
Error on #    623 Escape =   0.15668 Deposit =   0.83928
Error on #    631 Escape =   0.20829 Deposit =   0.78767
Error on #    654 Escape =   0.00000 Deposit =   0.99596
Error on #    982 Escape =   0.00000 Deposit =   0.99596
Error on #   1268 Escape =   0.00000 Deposit =   0.99596
Error on #   1321 Escape =   0.27589 Deposit =   0.72007
Error on #   1375 Escape =   0.00000 Deposit =   0.99965
Error on #   1407 Escape =   0.36458 Deposit =   0.63508
Error on #   1612 Escape =   0.00000 Deposit =   0.99965
Error on #   1642 Escape =   0.20296 Deposit =   0.79669
Error on #   1787 Escape =   0.00000 Deposit =   0.99594
Error on #   1914 Escape =   0.00000 Deposit =   0.99596
Error on #   1943 Escape =   0.58073 Deposit =   0.41523
Error on #     37 Escape =   0.00000 Deposit =   0.99956
Error on #    315 Escape =   0.41631 Deposit =   0.58316
Error on #    345 Escape =   0.21243 Deposit =   0.78353
Error on #    754 Escape =   0.00000 Deposit =   0.99596
Error on #   1032 Escape =   0.33651 Deposit =   0.65945
Error on #   1176 Escape =   0.00000 Deposit =   0.99956
Error on #   1230 Escape =   0.12563 Deposit =   0.87033
Error on #   1344 Escape =   0.00000 Deposit =   0.99596
Error on #   1509 Escape =   0.00000 Deposit =   0.99596
Error on #   1726 Escape =   0.12569 Deposit =   0.87027
Error on #   1789 Escape =   0.00000 Deposit =   0.99596
Error on #   1908 Escape =   0.16269 Deposit =   0.83696
Error on #   1922 Escape =   0.00000 Deposit =   0.99596
Error on #    302 Escape =   0.21839 Deposit =   0.77758
Error on #    459 Escape =   0.00000 Deposit =   0.99596
Error on #    532 Escape =   0.10521 Deposit =   0.89075
Error on #    618 Escape =   0.00000 Deposit =   0.99596
Error on #    701 Escape =   0.00000 Deposit =   0.99596
Error on #    725 Escape =   0.00000 Deposit =   0.99596
Error on #    794 Escape =   0.10014 Deposit =   0.89582
Error on #   1106 Escape =   0.37691 Deposit =   0.62256
Error on #   1449 Escape =   0.55054 Deposit =   0.44542
Error on #   1601 Escape =   0.37557 Deposit =   0.62390
Error on #   1616 Escape =   0.10176 Deposit =   0.89016
Error on #   1777 Escape =   0.32864 Deposit =   0.67083
Error on #   1783 Escape =   0.00000 Deposit =   0.99956
Error on #   1826 Escape =   0.00000 Deposit =   0.99596
Error on #   1844 Escape =   0.22994 Deposit =   0.76971
Error on #   1862 Escape =   0.00000 Deposit =   0.99596
Error on #   1884 Escape =   0.00000 Deposit =   0.99596
Error on #   1986 Escape =   0.00000 Deposit =   0.99596
Error on #     13 Escape =   0.00000 Deposit =   0.99596
Error on #     82 Escape =   0.38122 Deposit =   0.61825
Error on #    598 Escape =   0.00000 Deposit =   0.99192
Error on #    691 Escape =   0.00000 Deposit =   0.99192
Error on #    823 Escape =   0.00000 Deposit =   0.99596
Error on #    824 Escape =   0.00000 Deposit =   0.99596
Error on #    894 Escape =   0.34639 Deposit =   0.65308
Error on #   1163 Escape =   0.00000 Deposit =   0.99596
Error on #   1169 Escape =   0.20339 Deposit =   0.79257
Error on #   1317 Escape =   0.16791 Deposit =   0.83156
Error on #   1454 Escape =   0.18481 Deposit =   0.81115
Error on #   1544 Escape =   0.00000 Deposit =   0.99596
Error on #   1571 Escape =   0.09179 Deposit =   0.90818
Error on #   1618 Escape =   0.59597 Deposit =   0.40350
Error on #   1625 Escape =   0.00000 Deposit =   0.99596
Error on #   1635 Escape =   0.51000 Deposit =   0.48946
Error on #   1777 Escape =   0.00000 Deposit =   0.99956
Error on #   1793 Escape =   0.00000 Deposit =   0.99596
Error on #   1874 Escape =   0.62146 Deposit =   0.37451
Error on #     65 Escape =   0.61181 Deposit =   0.38416
Error on #    249 Escape =   0.13498 Deposit =   0.86098
Error on #    399 Escape =   0.23331 Deposit =   0.76266
Error on #    440 Escape =   0.00000 Deposit =   0.99192
Error on #    633 Escape =   0.00000 Deposit =   0.99596
Error on #    823 Escape =   0.65501 Deposit =   0.34446
Error on #    880 Escape =   0.44784 Deposit =   0.54812
Error on #   1030 Escape =   0.00000 Deposit =   0.99596
Error on #   1151 Escape =   0.11775 Deposit =   0.88171
Error on #   1211 Escape =   0.00000 Deposit =   0.99596
Error on #   1372 Escape =   0.09360 Deposit =   0.90562
Error on #   1478 Escape =   0.20560 Deposit =   0.79036
Error on #   1506 Escape =   0.00000 Deposit =   0.99596
Error on #   1531 Escape =   0.00000 Deposit =   0.99596
Error on #   1601 Escape =   0.00000 Deposit =   0.99596
Error on #   1673 Escape =   0.13219 Deposit =   0.86377
Error on #   1763 Escape =   0.07524 Deposit =   0.92072
Error on #     49 Escape =   0.27273 Deposit =   0.72674
Error on #    139 Escape =   0.00000 Deposit =   0.99596
Error on #    221 Escape =   0.20752 Deposit =   0.79213
Error on #    491 Escape =   0.00000 Deposit =   0.99596
Error on #    741 Escape =   0.00000 Deposit =   0.99965
Error on #    834 Escape =   0.00000 Deposit =   0.99596
Error on #    871 Escape =   0.00000 Deposit =   0.99596
Error on #    944 Escape =   0.00000 Deposit =   0.99596
Error on #    969 Escape =   0.23521 Deposit =   0.76476
Error on #   1100 Escape =   0.12022 Deposit =   0.87574
Error on #   1266 Escape =   0.00000 Deposit =   0.99596
Error on #   1365 Escape =   0.46902 Deposit =   0.52694
Error on #   1433 Escape =   0.65301 Deposit =   0.34295
Error on #   1528 Escape =   0.00000 Deposit =   0.99596
Error on #   1903 Escape =   0.24107 Deposit =   0.75490
Error on #    146 Escape =   0.00000 Deposit =   0.99596
Error on #    207 Escape =   0.73758 Deposit =   0.26207
Error on #    669 Escape =   0.00000 Deposit =   0.98789
Error on #   1031 Escape =   0.00000 Deposit =   0.99965
Error on #   1275 Escape =   0.29307 Deposit =   0.70289
Error on #   1351 Escape =   0.00000 Deposit =   0.99596
Error on #   1567 Escape =   0.00000 Deposit =   0.99965
Error on #   1657 Escape =   0.00000 Deposit =   0.99965
Error on #   1907 Escape =   0.24519 Deposit =   0.75428
Error on #    322 Escape =   0.20181 Deposit =   0.79784
Error on #    331 Escape =   0.45191 Deposit =   0.54756
Error on #    361 Escape =   0.50769 Deposit =   0.49178
Error on #    385 Escape =   0.28556 Deposit =   0.71041
Error on #    606 Escape =   0.00000 Deposit =   0.99947
Error on #    614 Escape =   0.18123 Deposit =   0.81833
Error on #    708 Escape =   0.00000 Deposit =   0.99596
Error on #   1036 Escape =   0.47494 Deposit =   0.52103
Error on #   1075 Escape =   0.36122 Deposit =   0.63474
Error on #   1139 Escape =   0.00000 Deposit =   0.99596
Error on #   1202 Escape =   0.17261 Deposit =   0.82704
Error on #   1458 Escape =   0.00000 Deposit =   0.99956
Error on #   1607 Escape =   0.00000 Deposit =   0.99596
Error on #   1614 Escape =   0.12999 Deposit =   0.86597
Error on #   1630 Escape =   0.12015 Deposit =   0.87581
Error on #   1720 Escape =   0.00000 Deposit =   0.99596
Error on #   1811 Escape =   0.00000 Deposit =   0.99596
Error on #   1872 Escape =   0.00000 Deposit =   0.99947
Error on #    107 Escape =   0.46691 Deposit =   0.52906
Error on #    149 Escape =   0.35345 Deposit =   0.64252
Error on #    196 Escape =   0.00000 Deposit =   0.99956
Error on #    313 Escape =   0.00000 Deposit =   0.99552
Error on #    397 Escape =   0.00000 Deposit =   0.99956
Error on #    468 Escape =   0.00000 Deposit =   0.99596
Error on #    626 Escape =   0.19172 Deposit =   0.80424
Error on #    665 Escape =   0.22977 Deposit =   0.76619
Error on #    896 Escape =   0.39973 Deposit =   0.59623
Error on #   1043 Escape =   0.00000 Deposit =   0.99596
Error on #   1133 Escape =   0.00000 Deposit =   0.99596
Error on #   1377 Escape =   0.14079 Deposit =   0.85517
Error on #   1566 Escape =   0.00000 Deposit =   0.99596
Error on #   1872 Escape =   0.00000 Deposit =   0.99192
Error on #   1970 Escape =   0.00000 Deposit =   0.99596
Error on #    308 Escape =   0.00000 Deposit =   0.99596
Error on #    357 Escape =   0.24460 Deposit =   0.75136
Error on #    407 Escape =   0.00000 Deposit =   0.99596
Error on #    471 Escape =   0.00000 Deposit =   0.99596
Error on #    638 Escape =   0.00000 Deposit =   0.99596
Error on #    673 Escape =   0.10963 Deposit =   0.88634
Error on #    751 Escape =   0.15938 Deposit =   0.83658
Error on #    756 Escape =   0.00000 Deposit =   0.99596
Error on #    881 Escape =   0.61300 Deposit =   0.38297
Error on #    895 Escape =   0.26499 Deposit =   0.73097
Error on #    943 Escape =   0.00000 Deposit =   0.99956
Error on #    987 Escape =   0.00000 Deposit =   0.99956
Error on #   1161 Escape =   0.00000 Deposit =   0.99596
Error on #   1362 Escape =   0.00000 Deposit =   0.99956
Error on #   1451 Escape =   0.14980 Deposit =   0.84985
Error on #   1562 Escape =   0.17711 Deposit =   0.82236
Error on #   1645 Escape =   0.00000 Deposit =   0.99596
Error on #   1844 Escape =   0.00000 Deposit =   0.99596
Error on #   1866 Escape =   0.00000 Deposit =   0.99596
Error on #    304 Escape =   0.53471 Deposit =   0.46126
Error on #    545 Escape =   0.00000 Deposit =   0.99596
Error on #    610 Escape =   0.00000 Deposit =   0.99965
Error on #    670 Escape =   0.17700 Deposit =   0.81896
Error on #    677 Escape =   0.00000 Deposit =   0.99596
Error on #    752 Escape =   0.00000 Deposit =   0.98789
Error on #    974 Escape =   0.00000 Deposit =   0.99596
Error on #   1177 Escape =   0.00000 Deposit =   0.99596
Error on #   1265 Escape =   0.00000 Deposit =   0.99596
Error on #   1315 Escape =   0.00000 Deposit =   0.99965
Error on #   1684 Escape =   0.00000 Deposit =   0.99596
Error on #   1768 Escape =   0.59810 Deposit =   0.39786
Error on #   1831 Escape =   0.00000 Deposit =   0.99956
Error on #   1843 Escape =   0.13233 Deposit =   0.86363
Error on #   1993 Escape =   0.00000 Deposit =   0.99965
Error on #     10 Escape =   0.00000 Deposit =   0.99956
Error on #    516 Escape =   0.15375 Deposit =   0.84222
Error on #    534 Escape =   0.20696 Deposit =   0.78900
Error on #    708 Escape =   0.00000 Deposit =   0.99596
Error on #    811 Escape =   0.19670 Deposit =   0.79926
Error on #    851 Escape =   0.00000 Deposit =   0.99596
Error on #    876 Escape =   0.26039 Deposit =   0.73908
Error on #    983 Escape =   0.00000 Deposit =   0.99956
Error on #    988 Escape =   0.00000 Deposit =   0.99596
Error on #   1089 Escape =   0.29053 Deposit =   0.70894
Error on #   1470 Escape =   0.00000 Deposit =   0.99596
Error on #   1621 Escape =   0.00000 Deposit =   0.99954
Error on #   1748 Escape =   0.00000 Deposit =   0.99596
Error on #    284 Escape =   0.00000 Deposit =   0.99956
Error on #    340 Escape =   0.00000 Deposit =   0.99596
Error on #    417 Escape =   0.00000 Deposit =   0.99596
Error on #    718 Escape =   0.48846 Deposit =   0.51120
Error on #    939 Escape =   0.56318 Deposit =   0.43628
Error on #    941 Escape =   0.20535 Deposit =   0.79061
Error on #   1115 Escape =   0.18467 Deposit =   0.81076
Error on #   1126 Escape =   0.00000 Deposit =   0.99596
Error on #   1201 Escape =   0.00000 Deposit =   0.99596
Error on #   1355 Escape =   0.00000 Deposit =   0.99596
Error on #    225 Escape =   0.00000 Deposit =   0.99956
Error on #    229 Escape =   0.00000 Deposit =   0.99956
Error on #    811 Escape =   0.00000 Deposit =   0.99596
Error on #    972 Escape =   0.37401 Deposit =   0.62196
Error on #   1101 Escape =   0.00000 Deposit =   0.99596
Error on #   1153 Escape =   0.00000 Deposit =   0.99956
Error on #   1172 Escape =   0.00000 Deposit =   0.99561
Error on #   1330 Escape =   0.00000 Deposit =   0.99596
Error on #   1356 Escape =   0.00000 Deposit =   0.99965
Error on #   1373 Escape =   0.25097 Deposit =   0.74850
Error on #   1499 Escape =   0.28536 Deposit =   0.71411
Error on #   1569 Escape =   0.48961 Deposit =   0.50986
Error on #   1834 Escape =   0.00000 Deposit =   0.99596
Error on #   1927 Escape =   0.00000 Deposit =   0.99596
Error on #   1946 Escape =   0.09578 Deposit =   0.90018
Error on #    115 Escape =   0.23152 Deposit =   0.76445
Error on #    256 Escape =   0.41745 Deposit =   0.57851
Error on #    300 Escape =   0.13564 Deposit =   0.86383
Error on #    367 Escape =   0.34971 Deposit =   0.64625
Error on #    390 Escape =   0.00000 Deposit =   0.99596
Error on #    470 Escape =   0.00000 Deposit =   0.99596
Error on #    481 Escape =   0.00000 Deposit =   0.99596
Error on #    492 Escape =   0.00000 Deposit =   0.99596
Error on #    615 Escape =   0.13564 Deposit =   0.86032
Error on #    831 Escape =   0.15254 Deposit =   0.84342
Error on #    963 Escape =   0.00000 Deposit =   0.99596
Error on #   1052 Escape =   0.10732 Deposit =   0.89224
Error on #   1094 Escape =   0.00000 Deposit =   0.99956
Error on #   1700 Escape =   0.62396 Deposit =   0.37200
Error on #   1732 Escape =   0.00000 Deposit =   0.99190
Error on #   1778 Escape =   0.48885 Deposit =   0.50711
Error on #   1824 Escape =   0.00000 Deposit =   0.99965
Error on #   1834 Escape =   0.00000 Deposit =   0.99965
Error on #   1856 Escape =   0.28237 Deposit =   0.71359
Error on #   1882 Escape =   0.00000 Deposit =   0.99596
Error on #   1971 Escape =   0.33628 Deposit =   0.66328
Error on #     32 Escape =   0.29419 Deposit =   0.70177
Error on #    208 Escape =   0.24567 Deposit =   0.75379
Error on #    338 Escape =   0.00000 Deposit =   0.99596
Error on #    658 Escape =   0.53057 Deposit =   0.46890
Error on #    759 Escape =   0.00000 Deposit =   0.99596
Error on #    957 Escape =   0.24157 Deposit =   0.75789
Error on #    978 Escape =   0.00000 Deposit =   0.99596
Error on #   1349 Escape =   0.00000 Deposit =   0.99596
Error on #   1465 Escape =   0.00000 Deposit =   0.99596
Error on #   1471 Escape =   0.14495 Deposit =   0.85452
Error on #   1633 Escape =   0.00000 Deposit =   0.99596
Error on #   1692 Escape =   0.00000 Deposit =   0.99192
Error on #   1905 Escape =   0.00000 Deposit =   0.99596
Error on #   1934 Escape =   0.74344 Deposit =   0.25252
Error on #   1938 Escape =   0.00000 Deposit =   0.99596
Error on #   1941 Escape =   0.55454 Deposit =   0.44493
Error on #   1997 Escape =   0.00000 Deposit =   0.99596
Error on #    123 Escape =   0.35148 Deposit =   0.64449
Error on #    662 Escape =   0.00000 Deposit =   0.99596
Error on #    753 Escape =   0.00000 Deposit =   0.99596
Error on #    759 Escape =   0.00000 Deposit =   0.99596
Error on #    832 Escape =   0.00000 Deposit =   0.99596
Error on #    927 Escape =   0.15230 Deposit =   0.84736
Error on #   1129 Escape =   0.00000 Deposit =   0.99596
Error on #   1266 Escape =   0.00000 Deposit =   0.99596
Error on #   1373 Escape =   0.27690 Deposit =   0.72275
Error on #   1384 Escape =   0.37026 Deposit =   0.62921
Error on #   1515 Escape =   0.00000 Deposit =   0.99596
Error on #   1648 Escape =   0.00000 Deposit =   0.99997
Error on #   1701 Escape =   0.22865 Deposit =   0.77100
Error on #   1704 Escape =   0.17903 Deposit =   0.81694
Error on #   1723 Escape =   0.00000 Deposit =   0.99596
Error on #   1726 Escape =   0.00000 Deposit =   0.99596
Error on #     50 Escape =   0.00000 Deposit =   0.99965
Error on #    243 Escape =   0.57969 Deposit =   0.41627
Error on #    254 Escape =   0.15021 Deposit =   0.84901
Error on #    584 Escape =   0.00000 Deposit =   0.99596
Error on #    622 Escape =   0.20335 Deposit =   0.79262
Error on #    705 Escape =   0.00000 Deposit =   0.99596
Error on #    789 Escape =   0.13864 Deposit =   0.86083
Error on #    887 Escape =   0.37763 Deposit =   0.62202
Error on #   1349 Escape =   0.59308 Deposit =   0.40586
Error on #   1350 Escape =   0.00000 Deposit =   0.99543
Error on #   1417 Escape =   0.36358 Deposit =   0.63641
Error on #   1498 Escape =   0.22200 Deposit =   0.77397
Error on #   1630 Escape =   0.00000 Deposit =   0.99596
Error on #   1636 Escape =   0.27882 Deposit =   0.72081
Error on #   1820 Escape =   0.32597 Deposit =   0.67350
Error on #    193 Escape =   0.58821 Deposit =   0.41125
Error on #    369 Escape =   0.19438 Deposit =   0.80159
Error on #    384 Escape =   0.56381 Deposit =   0.43216
Error on #    508 Escape =   0.19766 Deposit =   0.80231
Error on #    589 Escape =   0.00000 Deposit =   0.99956
Error on #    743 Escape =   0.12164 Deposit =   0.87432
Error on #    757 Escape =   0.28389 Deposit =   0.71557
Error on #    807 Escape =   0.00000 Deposit =   0.99596
Error on #    953 Escape =   0.68144 Deposit =   0.31803
Error on #    982 Escape =   0.00000 Deposit =   0.99596
Error on #   1007 Escape =   0.27303 Deposit =   0.72294
Error on #   1090 Escape =   0.22457 Deposit =   0.77509
Error on #   1176 Escape =   0.00000 Deposit =   0.99596
Error on #   1425 Escape =   0.00000 Deposit =   0.99596
Error on #   1837 Escape =   0.00000 Deposit =   0.99596
Error on #   1864 Escape =   0.39856 Deposit =   0.59740
Error on #   1997 Escape =   0.15669 Deposit =   0.83927
Error on #     69 Escape =   0.00000 Deposit =   0.99596
Error on #     72 Escape =   0.00000 Deposit =   0.99596
Error on #    400 Escape =   0.00000 Deposit =   0.99596
Error on #    620 Escape =   0.35876 Deposit =   0.63720
Error on #    845 Escape =   0.00000 Deposit =   0.99192
Error on #    992 Escape =   0.44510 Deposit =   0.55437
Error on #   1438 Escape =   0.00000 Deposit =   0.99596
Error on #   1551 Escape =   0.00000 Deposit =   0.99965
Error on #   1799 Escape =   0.00000 Deposit =   0.99596
Error on #   1824 Escape =   0.46657 Deposit =   0.52940
Error on #   1879 Escape =   0.00000 Deposit =   0.99596
Error on #   1895 Escape =   0.00000 Deposit =   0.99596
Error on #   1933 Escape =   0.00000 Deposit =   0.99596
Error on #   1963 Escape =   0.23527 Deposit =   0.76069
Error on #    225 Escape =   0.35952 Deposit =   0.63995
Error on #    410 Escape =   0.00000 Deposit =   0.99596
Error on #    601 Escape =   0.25881 Deposit =   0.74065
Error on #    681 Escape =   0.78768 Deposit =   0.20828
Error on #    723 Escape =   0.24465 Deposit =   0.75482
Error on #    731 Escape =   0.00000 Deposit =   0.99562
Error on #    849 Escape =   0.18746 Deposit =   0.81251
Error on #   1051 Escape =   0.00000 Deposit =   0.99596
Error on #   1073 Escape =   0.61274 Deposit =   0.38323
Error on #   1500 Escape =   0.00000 Deposit =   0.99965
Error on #   1524 Escape =   0.00000 Deposit =   0.99965
Error on #   1584 Escape =   0.00000 Deposit =   0.99956
Error on #    488 Escape =   0.07637 Deposit =   0.91960
Error on #    581 Escape =   0.00000 Deposit =   0.99596
Error on #    605 Escape =   0.34737 Deposit =   0.64859
Error on #    622 Escape =   0.00000 Deposit =   0.99596
Error on #    717 Escape =   0.00000 Deposit =   0.99596
Error on #    892 Escape =   0.00000 Deposit =   0.99965
Error on #   1109 Escape =   0.00000 Deposit =   0.99596
Error on #   1250 Escape =   0.00000 Deposit =   0.99596
Error on #   1346 Escape =   0.35788 Deposit =   0.63809
Error on #   1814 Escape =   0.00000 Deposit =   0.99596
Error on #   1952 Escape =   0.42379 Deposit =   0.57568
Error on #   1988 Escape =   0.00000 Deposit =   0.99596
Error on #     79 Escape =   0.00000 Deposit =   0.99596
Error on #    482 Escape =   0.33458 Deposit =   0.66138
Error on #    830 Escape =   0.00000 Deposit =   0.99596
Error on #    895 Escape =   0.00000 Deposit =   0.99956
Error on #    954 Escape =   0.05630 Deposit =   0.94317
Error on #   1162 Escape =   0.00000 Deposit =   0.99596
Error on #   1363 Escape =   0.00000 Deposit =   0.99596
Error on #   1541 Escape =   0.00000 Deposit =   0.99596
Error on #   1850 Escape =   0.00000 Deposit =   0.99596
Error on #     40 Escape =   0.00000 Deposit =   0.99543
Error on #    163 Escape =   0.25030 Deposit =   0.74566
Error on #    177 Escape =   0.00000 Deposit =   0.99596
Error on #    422 Escape =   0.63410 Deposit =   0.36537
Error on #    790 Escape =   0.00000 Deposit =   0.99596
Error on #    856 Escape =   0.00000 Deposit =   0.99997
Error on #    893 Escape =   0.23460 Deposit =   0.76486
Error on #    927 Escape =   0.00000 Deposit =   0.99562
Error on #   1376 Escape =   0.42779 Deposit =   0.57168
Error on #   1407 Escape =   0.00000 Deposit =   0.99912
Error on #    264 Escape =   0.00000 Deposit =   0.99596
Error on #    326 Escape =   0.00000 Deposit =   0.99596
Error on #    351 Escape =   0.00000 Deposit =   0.99596
Error on #    539 Escape =   0.00000 Deposit =   0.99596
Error on #    763 Escape =   0.10114 Deposit =   0.89842
Error on #    796 Escape =   0.00000 Deposit =   0.99596
Error on #    866 Escape =   0.00000 Deposit =   0.99956
Error on #   1046 Escape =   0.00000 Deposit =   0.99956
Error on #   1079 Escape =   0.37018 Deposit =   0.62578
Error on #   1098 Escape =   0.24000 Deposit =   0.75596
Error on #   1243 Escape =   0.48486 Deposit =   0.51460
Error on #   1396 Escape =   0.33349 Deposit =   0.66616
Error on #   1497 Escape =   0.54981 Deposit =   0.45017
Error on #   1569 Escape =   0.00000 Deposit =   0.99596
Error on #   1620 Escape =   0.00000 Deposit =   0.99596
Error on #   1667 Escape =   0.62793 Deposit =   0.37172
Error on #   1761 Escape =   0.12648 Deposit =   0.86949
Error on #    175 Escape =   0.00000 Deposit =   0.99956
Error on #    501 Escape =   0.36041 Deposit =   0.63555
Error on #    716 Escape =   0.00000 Deposit =   0.99596
Error on #    730 Escape =   0.42106 Deposit =   0.57490
Error on #    763 Escape =   0.00000 Deposit =   0.99596
Error on #    854 Escape =   0.26368 Deposit =   0.73228
Error on #   1008 Escape =   0.28572 Deposit =   0.71425
Error on #   1015 Escape =   0.30484 Deposit =   0.69112
Error on #   1055 Escape =   0.00000 Deposit =   0.99965
Error on #   1117 Escape =   0.17819 Deposit =   0.81777
Error on #   1176 Escape =   0.00000 Deposit =   0.99596
Error on #   1189 Escape =   0.00000 Deposit =   0.99956
Error on #   1259 Escape =   0.00000 Deposit =   0.99596
Error on #   1309 Escape =   0.00000 Deposit =   0.99965
Error on #   1603 Escape =   0.00000 Deposit =   0.99596
Error on #   1894 Escape =   0.00000 Deposit =   0.99956
Error on #   1951 Escape =   0.54232 Deposit =   0.45365
Error on #     47 Escape =   0.30246 Deposit =   0.69700
Error on #     85 Escape =   0.90254 Deposit =   0.09692
Error on #    292 Escape =   0.00000 Deposit =   0.99596
Error on #    313 Escape =   0.33023 Deposit =   0.66933
Error on #    755 Escape =   0.00000 Deposit =   0.99596
Error on #   1011 Escape =   0.22592 Deposit =   0.77355
Error on #   1059 Escape =   0.20874 Deposit =   0.78723
Error on #   1181 Escape =   0.22101 Deposit =   0.77846
Error on #   1192 Escape =   0.00000 Deposit =   0.99596
Error on #   1692 Escape =   0.00000 Deposit =   0.99596
Error on #   1740 Escape =   0.38096 Deposit =   0.61500
Error on #    325 Escape =   0.00000 Deposit =   0.99562
Error on #    413 Escape =   0.00000 Deposit =   0.99192
Error on #    445 Escape =   0.00000 Deposit =   0.99596
Error on #    527 Escape =   0.00000 Deposit =   0.99596
Error on #    643 Escape =   0.28313 Deposit =   0.71283
Error on #    941 Escape =   0.00000 Deposit =   0.99192
Error on #   1092 Escape =   0.00000 Deposit =   0.99956
Error on #   1416 Escape =   0.00000 Deposit =   0.99596
Error on #   1444 Escape =   0.00000 Deposit =   0.99965
Error on #   1472 Escape =   0.00000 Deposit =   0.99596
Error on #   1497 Escape =   0.30159 Deposit =   0.69788
Error on #   1680 Escape =   0.56036 Deposit =   0.43911
Error on #   1736 Escape =   0.00000 Deposit =   0.99965
Error on #   1861 Escape =   0.00000 Deposit =   0.99596
Error on #     37 Escape =   0.00000 Deposit =   0.99596
Error on #    448 Escape =   0.43617 Deposit =   0.56330
Error on #    488 Escape =   0.23222 Deposit =   0.76734
Error on #    563 Escape =   0.00000 Deposit =   0.99596
Error on #    672 Escape =   0.30694 Deposit =   0.69253
Error on #    732 Escape =   0.00000 Deposit =   0.99596
Error on #   1161 Escape =   0.00000 Deposit =   0.99192
Error on #   1230 Escape =   0.42922 Deposit =   0.57024
Error on #   1327 Escape =   0.00000 Deposit =   0.99552
Error on #   1500 Escape =   0.00000 Deposit =   0.99956
Error on #   1519 Escape =   0.00000 Deposit =   0.99596
Error on #   1741 Escape =   0.00000 Deposit =   0.99192
Error on #   1742 Escape =   0.00000 Deposit =   0.99596
Error on #   1791 Escape =   0.00000 Deposit =   0.99596
Error on #   1934 Escape =   0.00000 Deposit =   0.99956
Error on #     73 Escape =   0.00000 Deposit =   0.99596
Error on #    141 Escape =   0.00000 Deposit =   0.99192
Error on #    145 Escape =   0.00000 Deposit =   0.99956
Error on #    292 Escape =   0.78133 Deposit =   0.21463
Error on #    470 Escape =   0.22380 Deposit =   0.77216
Error on #    699 Escape =   0.00000 Deposit =   0.99596
Error on #    820 Escape =   0.56443 Deposit =   0.43504
Error on #    931 Escape =   0.00000 Deposit =   0.99552
Error on #    967 Escape =   0.00000 Deposit =   0.99596
Error on #    990 Escape =   0.27217 Deposit =   0.72379
Error on #   1012 Escape =   0.19408 Deposit =   0.80539
Error on #   1129 Escape =   0.00000 Deposit =   0.99596
Error on #   1535 Escape =   0.19874 Deposit =   0.79722
Error on #   1603 Escape =   0.59331 Deposit =   0.40265
Error on #   1729 Escape =   0.22908 Deposit =   0.76689
Error on #   1920 Escape =   0.00000 Deposit =   0.99997
Error on #      8 Escape =   0.49445 Deposit =   0.50151
Error on #    720 Escape =   0.31013 Deposit =   0.68934
Error on #    740 Escape =   0.00000 Deposit =   0.99192
Error on #   1037 Escape =   0.50547 Deposit =   0.49049
Error on #   1157 Escape =   0.00000 Deposit =   0.99596
Error on #   1315 Escape =   0.00000 Deposit =   0.99596
Error on #   1529 Escape =   0.09600 Deposit =   0.90357
Error on #   1669 Escape =   0.49785 Deposit =   0.49811
Error on #   1716 Escape =   0.00000 Deposit =   0.99965
Error on #     22 Escape =   0.00000 Deposit =   0.99956
Error on #    441 Escape =   0.00000 Deposit =   0.99596
Error on #    968 Escape =   0.64222 Deposit =   0.35743
Error on #   1205 Escape =   0.25460 Deposit =   0.74487
Error on #   1259 Escape =   0.52600 Deposit =   0.46593
Error on #   1479 Escape =   0.18453 Deposit =   0.81143
Error on #   1552 Escape =   0.00000 Deposit =   0.99596
Error on #   1553 Escape =   0.15865 Deposit =   0.83731
Error on #   1838 Escape =   0.00000 Deposit =   0.99596
Error on #   1956 Escape =   0.38166 Deposit =   0.61430
Error on #    113 Escape =   0.33162 Deposit =   0.66434
Error on #    146 Escape =   0.17761 Deposit =   0.82204
Error on #    311 Escape =   0.00000 Deposit =   0.99596
Error on #    323 Escape =   0.00000 Deposit =   0.99965
Error on #    567 Escape =   0.00000 Deposit =   0.99596
Error on #    600 Escape =   0.12461 Deposit =   0.87136
Error on #    739 Escape =   0.00000 Deposit =   0.99596
Error on #    877 Escape =   0.00000 Deposit =   0.99965
Error on #   1082 Escape =   0.00000 Deposit =   0.99965
Error on #   1164 Escape =   0.00000 Deposit =   0.99956
Error on #   1227 Escape =   0.00000 Deposit =   0.99596
Error on #   1633 Escape =   0.00000 Deposit =   0.99596
Error on #   1779 Escape =   0.00000 Deposit =   0.99596
Error on #   1828 Escape =   0.24361 Deposit =   0.75236
Error on #   1849 Escape =   0.30516 Deposit =   0.69431
Error on #   1851 Escape =   0.00000 Deposit =   0.99596
Error on #   1912 Escape =   0.57019 Deposit =   0.42578
Error on #   1951 Escape =   0.00000 Deposit =   0.99596
Error on #   1956 Escape =   0.22508 Deposit =   0.77088
Error on #    291 Escape =   0.26337 Deposit =   0.73620
Error on #    667 Escape =   0.00000 Deposit =   0.99596
Error on #    740 Escape =   0.20779 Deposit =   0.79168
Error on #    852 Escape =   0.33585 Deposit =   0.66011
Error on #   1083 Escape =   0.38197 Deposit =   0.61399
Error on #   1213 Escape =   0.31352 Deposit =   0.68244
Error on #   1335 Escape =   0.31417 Deposit =   0.68179
Error on #   1742 Escape =   0.26413 Deposit =   0.73534
Error on #   1854 Escape =   0.92332 Deposit =   0.07615
Error on #   1941 Escape =   0.25132 Deposit =   0.74762
Error on #     40 Escape =   0.31802 Deposit =   0.68145
Error on #    129 Escape =   0.00000 Deposit =   0.99596
Error on #    365 Escape =   0.30982 Deposit =   0.68614
Error on #    379 Escape =   0.00000 Deposit =   0.99596
Error on #    468 Escape =   0.00000 Deposit =   0.99956
Error on #    480 Escape =   0.00000 Deposit =   0.99596
Error on #    593 Escape =   0.32460 Deposit =   0.67505
Error on #    791 Escape =   0.14439 Deposit =   0.85158
Error on #    896 Escape =   0.23220 Deposit =   0.76778
Error on #   1185 Escape =   0.00000 Deposit =   0.99596
Error on #   1190 Escape =   0.21107 Deposit =   0.78490
Error on #   1337 Escape =   0.47252 Deposit =   0.52713
Error on #   1401 Escape =   0.00000 Deposit =   0.99596
Error on #   1441 Escape =   0.21561 Deposit =   0.78404
Error on #   1463 Escape =   0.00000 Deposit =   0.99965
Error on #   1552 Escape =   0.56521 Deposit =   0.43426
Error on #   1798 Escape =   0.00000 Deposit =   0.99956
Error on #   1894 Escape =   0.29587 Deposit =   0.70009
Error on #   1963 Escape =   0.00000 Deposit =   0.99596
Error on #     73 Escape =   0.00000 Deposit =   0.99965
Error on #    574 Escape =   0.56827 Deposit =   0.43119
Error on #    666 Escape =   0.27212 Deposit =   0.72384
Error on #    739 Escape =   0.00000 Deposit =   0.99596
Error on #    786 Escape =   0.00000 Deposit =   0.99596
Error on #    999 Escape =   0.00000 Deposit =   0.99596
Error on #   1166 Escape =   0.35810 Deposit =   0.63786
Error on #   1374 Escape =   0.00000 Deposit =   0.99596
Error on #   1463 Escape =   0.54718 Deposit =   0.44879
Error on #   1474 Escape =   0.00000 Deposit =   0.99956
Error on #   1840 Escape =   0.20952 Deposit =   0.78995
Error on #   1896 Escape =   0.00000 Deposit =   0.99596
Error on #      3 Escape =   0.00000 Deposit =   0.99596
Error on #     69 Escape =   0.25350 Deposit =   0.74597
Error on #     98 Escape =   0.55638 Deposit =   0.44318
Error on #    117 Escape =   0.27801 Deposit =   0.71796
Error on #    269 Escape =   0.00000 Deposit =   0.99596
Error on #    387 Escape =   0.00000 Deposit =   0.99596
Error on #    426 Escape =   0.56376 Deposit =   0.43220
Error on #    688 Escape =   0.20523 Deposit =   0.79074
Error on #    697 Escape =   0.00000 Deposit =   0.99596
Error on #    705 Escape =   0.31781 Deposit =   0.67815
Error on #    811 Escape =   0.00000 Deposit =   0.99596
Error on #   1295 Escape =   0.29875 Deposit =   0.70072
Error on #   1324 Escape =   0.41031 Deposit =   0.58916
Error on #   1346 Escape =   0.00000 Deposit =   0.99596
Error on #   1505 Escape =   0.00000 Deposit =   0.99596
Error on #   1625 Escape =   0.00000 Deposit =   0.99965
Error on #   1814 Escape =   0.24528 Deposit =   0.75418
Error on #   1880 Escape =   0.10257 Deposit =   0.89339
Error on #   1968 Escape =   0.40506 Deposit =   0.59090
Error on #     94 Escape =   0.00000 Deposit =   0.99965
Error on #    128 Escape =   0.25371 Deposit =   0.74576
Error on #    200 Escape =   0.00000 Deposit =   0.99956
Error on #    408 Escape =   0.00000 Deposit =   0.99596
Error on #    617 Escape =   0.00000 Deposit =   0.99596
Error on #    909 Escape =   0.37935 Deposit =   0.62021
Error on #   1073 Escape =   0.00000 Deposit =   0.99596
Error on #   1305 Escape =   0.00000 Deposit =   0.99192
Error on #   1480 Escape =   0.00000 Deposit =   0.99596
Error on #   1626 Escape =   0.42174 Deposit =   0.57791
Error on #   1742 Escape =   0.00000 Deposit =   0.99596
Error on #   1792 Escape =   0.00000 Deposit =   0.99596
Error on #     23 Escape =   0.19010 Deposit =   0.80586
Error on #     49 Escape =   0.17095 Deposit =   0.82501
Error on #     76 Escape =   0.00000 Deposit =   0.99596
Error on #    280 Escape =   0.00000 Deposit =   0.99596
Error on #    526 Escape =   0.00000 Deposit =   0.99596
Error on #    829 Escape =   0.00000 Deposit =   0.99596
Error on #    925 Escape =   0.89625 Deposit =   0.09971
Error on #    930 Escape =   0.74382 Deposit =   0.25214
Error on #   1066 Escape =   0.00000 Deposit =   0.99596
Error on #   1153 Escape =   0.11928 Deposit =   0.88037
Error on #   1246 Escape =   0.33582 Deposit =   0.65611
Error on #   1388 Escape =   0.00000 Deposit =   0.99596
Error on #   1407 Escape =   0.11934 Deposit =   0.87662
Error on #   1429 Escape =   0.00000 Deposit =   0.99931
Error on #   1664 Escape =   0.35812 Deposit =   0.63785
Error on #   1739 Escape =   0.00000 Deposit =   0.99596
Error on #   1871 Escape =   0.32037 Deposit =   0.67560
 Elapsed Time (sec)=     1.8906    

 Ncount=    100000 (actual cases run)
 Ncases=    100000 (number of cases requested)
 TotKE =    0.10000E+06 (total KE (MeV) in run)

 Detector length=     7.6200     cm
 Detector radius=     3.8100     cm
 Al cover thickness=  0.10     cm
 Al cover side thickness=  0.10     cm
 Front gap =  0.50     cm
 Side gap =  0.50     cm

 Results for      1.0000    MeV photon

 Peak efficiency = 0.2880    +- 0.16E-01 %
 Total efficiency =  5.004    +- 0.72E-01 %

 Pulse height distribution 
 E (upper-edge --0.2000E-01 MeV )=    0.52500E-01+-    0.39930E-02 counts/MeV/incident
 E (upper-edge --0.4000E-01 MeV )=    0.53000E-01+-    0.54698E-02 counts/MeV/incident
 E (upper-edge --0.6000E-01 MeV )=    0.40500E-01+-    0.46230E-02 counts/MeV/incident
 E (upper-edge --0.8000E-01 MeV )=    0.53500E-01+-    0.56247E-02 counts/MeV/incident
 E (upper-edge --0.1000     MeV )=    0.51000E-01+-    0.54380E-02 counts/MeV/incident
 E (upper-edge --0.1200     MeV )=    0.46000E-01+-    0.57303E-02 counts/MeV/incident
 E (upper-edge --0.1400     MeV )=    0.46000E-01+-    0.49672E-02 counts/MeV/incident
 E (upper-edge --0.1600     MeV )=    0.45000E-01+-    0.47380E-02 counts/MeV/incident
 E (upper-edge --0.1800     MeV )=    0.42000E-01+-    0.41305E-02 counts/MeV/incident
 E (upper-edge --0.2000     MeV )=    0.46500E-01+-    0.52978E-02 counts/MeV/incident
 E (upper-edge --0.2200     MeV )=    0.54500E-01+-    0.54721E-02 counts/MeV/incident
 E (upper-edge --0.2400     MeV )=    0.49000E-01+-    0.54847E-02 counts/MeV/incident
 E (upper-edge --0.2600     MeV )=    0.46000E-01+-    0.40000E-02 counts/MeV/incident
 E (upper-edge --0.2800     MeV )=    0.39500E-01+-    0.45787E-02 counts/MeV/incident
 E (upper-edge --0.3000     MeV )=    0.49500E-01+-    0.51255E-02 counts/MeV/incident
 E (upper-edge --0.3200     MeV )=    0.40000E-01+-    0.46291E-02 counts/MeV/incident
 E (upper-edge --0.3400     MeV )=    0.37500E-01+-    0.50634E-02 counts/MeV/incident
 E (upper-edge --0.3600     MeV )=    0.41500E-01+-    0.44955E-02 counts/MeV/incident
 E (upper-edge --0.3800     MeV )=    0.43000E-01+-    0.44630E-02 counts/MeV/incident
 E (upper-edge --0.4000     MeV )=    0.47500E-01+-    0.51135E-02 counts/MeV/incident
 E (upper-edge --0.4200     MeV )=    0.43500E-01+-    0.41533E-02 counts/MeV/incident
 E (upper-edge --0.4400     MeV )=    0.44500E-01+-    0.41212E-02 counts/MeV/incident
 E (upper-edge --0.4600     MeV )=    0.40000E-01+-    0.42258E-02 counts/MeV/incident
 E (upper-edge --0.4800     MeV )=    0.44000E-01+-    0.47143E-02 counts/MeV/incident
 E (upper-edge --0.5000     MeV )=    0.44000E-01+-    0.41991E-02 counts/MeV/incident
 E (upper-edge --0.5200     MeV )=    0.49500E-01+-    0.49224E-02 counts/MeV/incident
 E (upper-edge --0.5400     MeV )=    0.49500E-01+-    0.52727E-02 counts/MeV/incident
 E (upper-edge --0.5600     MeV )=    0.45000E-01+-    0.37115E-02 counts/MeV/incident
 E (upper-edge --0.5800     MeV )=    0.45500E-01+-    0.34766E-02 counts/MeV/incident
 E (upper-edge --0.6000     MeV )=    0.41500E-01+-    0.47170E-02 counts/MeV/incident
 E (upper-edge --0.6200     MeV )=    0.44500E-01+-    0.53112E-02 counts/MeV/incident
 E (upper-edge --0.6400     MeV )=    0.62000E-01+-    0.59436E-02 counts/MeV/incident
 E (upper-edge --0.6600     MeV )=    0.57500E-01+-    0.66336E-02 counts/MeV/incident
 E (upper-edge --0.6800     MeV )=    0.53000E-01+-    0.57428E-02 counts/MeV/incident
 E (upper-edge --0.7000     MeV )=    0.56000E-01+-    0.54192E-02 counts/MeV/incident
 E (upper-edge --0.7200     MeV )=    0.74500E-01+-    0.59543E-02 counts/MeV/incident
 E (upper-edge --0.7400     MeV )=    0.74500E-01+-    0.49739E-02 counts/MeV/incident
 E (upper-edge --0.7600     MeV )=    0.87500E-01+-    0.67480E-02 counts/MeV/incident
 E (upper-edge --0.7800     MeV )=    0.10350    +-    0.77595E-02 counts/MeV/incident
 E (upper-edge --0.8000     MeV )=    0.10150    +-    0.70498E-02 counts/MeV/incident
 E (upper-edge --0.8200     MeV )=    0.60500E-01+-    0.46888E-02 counts/MeV/incident
 E (upper-edge --0.8400     MeV )=    0.48500E-01+-    0.46516E-02 counts/MeV/incident
 E (upper-edge --0.8600     MeV )=    0.49500E-01+-    0.50249E-02 counts/MeV/incident
 E (upper-edge --0.8800     MeV )=    0.51500E-01+-    0.54121E-02 counts/MeV/incident
 E (upper-edge --0.9000     MeV )=    0.36500E-01+-    0.40538E-02 counts/MeV/incident
 E (upper-edge --0.9200     MeV )=    0.18500E-01+-    0.30144E-02 counts/MeV/incident
 E (upper-edge --0.9400     MeV )=    0.55000E-02+-    0.17914E-02 counts/MeV/incident
 E (upper-edge --0.9600     MeV )=    0.50000E-03+-    0.50000E-03 counts/MeV/incident
 E (upper-edge --0.9800     MeV )=    0.15000E-02+-    0.84817E-03 counts/MeV/incident
 E (upper-edge -- 1.000     MeV )=    0.14400    +-    0.81928E-02 counts/MeV/incident

 Particle spectrum crossing the detector plane
                              particles/MeV/source photon
 Upper energy             Gamma                   Electron               Positron
.20000E-01 MeV-- 0.50000E-03+- 0.50000E-03  0.0000    +-  0.0000      0.0000    +-  0.0000    
.40000E-01 MeV-- 0.10000E-02+- 0.69985E-03 0.50000E-03+- 0.50000E-03  0.0000    +-  0.0000    
.60000E-01 MeV-- 0.10000E-02+- 0.69985E-03 0.15000E-02+- 0.84817E-03  0.0000    +-  0.0000    
.80000E-01 MeV-- 0.70000E-02+- 0.17555E-02 0.15000E-02+- 0.84817E-03  0.0000    +-  0.0000    
.10000     MeV-- 0.60000E-02+- 0.16843E-02 0.10000E-02+- 0.69985E-03  0.0000    +-  0.0000    
.12000     MeV-- 0.11000E-01+- 0.21618E-02 0.15000E-02+- 0.84817E-03  0.0000    +-  0.0000    
.14000     MeV-- 0.12500E-01+- 0.26000E-02 0.25000E-02+- 0.10714E-02  0.0000    +-  0.0000    
.16000     MeV-- 0.13000E-01+- 0.24990E-02 0.15000E-02+- 0.84817E-03  0.0000    +-  0.0000    
.18000     MeV-- 0.12500E-01+- 0.25000E-02 0.15000E-02+- 0.84817E-03  0.0000    +-  0.0000    
.20000     MeV-- 0.11500E-01+- 0.23915E-02 0.50000E-03+- 0.50000E-03  0.0000    +-  0.0000    
.22000     MeV-- 0.22500E-01+- 0.30514E-02 0.20000E-02+- 0.96890E-03  0.0000    +-  0.0000    
.24000     MeV-- 0.19000E-01+- 0.28176E-02 0.10000E-02+- 0.69985E-03  0.0000    +-  0.0000    
.26000     MeV-- 0.20000E-01+- 0.28571E-02 0.20000E-02+- 0.12037E-02  0.0000    +-  0.0000    
.28000     MeV-- 0.14500E-01+- 0.30380E-02 0.20000E-02+- 0.96890E-03  0.0000    +-  0.0000    
.30000     MeV-- 0.13000E-01+- 0.26954E-02 0.10000E-02+- 0.69985E-03  0.0000    +-  0.0000    
.32000     MeV-- 0.15500E-01+- 0.29355E-02 0.50000E-03+- 0.50000E-03  0.0000    +-  0.0000    
.34000     MeV-- 0.11000E-01+- 0.26878E-02 0.15000E-02+- 0.84817E-03  0.0000    +-  0.0000    
.36000     MeV-- 0.15000E-01+- 0.27664E-02 0.10000E-02+- 0.69985E-03  0.0000    +-  0.0000    
.38000     MeV-- 0.11500E-01+- 0.22824E-02 0.40000E-02+- 0.14915E-02  0.0000    +-  0.0000    
.40000     MeV-- 0.10500E-01+- 0.21535E-02 0.10000E-02+- 0.69985E-03  0.0000    +-  0.0000    
.42000     MeV-- 0.11500E-01+- 0.22824E-02 0.25000E-02+- 0.10714E-02  0.0000    +-  0.0000    
.44000     MeV-- 0.14000E-01+- 0.24908E-02 0.25000E-02+- 0.10714E-02  0.0000    +-  0.0000    
.46000     MeV-- 0.85000E-02+- 0.22143E-02 0.25000E-02+- 0.12877E-02  0.0000    +-  0.0000    
.48000     MeV-- 0.10500E-01+- 0.21535E-02 0.15000E-02+- 0.84817E-03  0.0000    +-  0.0000    
.50000     MeV-- 0.85000E-02+- 0.19704E-02 0.15000E-02+- 0.11089E-02  0.0000    +-  0.0000    
.52000     MeV-- 0.85000E-02+- 0.26351E-02 0.25000E-02+- 0.10714E-02  0.0000    +-  0.0000    
.54000     MeV-- 0.70000E-02+- 0.20253E-02 0.15000E-02+- 0.84817E-03  0.0000    +-  0.0000    
.56000     MeV-- 0.10000E-01+- 0.21429E-02 0.25000E-02+- 0.10714E-02  0.0000    +-  0.0000    
.58000     MeV-- 0.85000E-02+- 0.18364E-02 0.15000E-02+- 0.84817E-03  0.0000    +-  0.0000    
.60000     MeV-- 0.80000E-02+- 0.21946E-02 0.20000E-02+- 0.96890E-03  0.0000    +-  0.0000    
.62000     MeV-- 0.10500E-01+- 0.23787E-02 0.50000E-03+- 0.50000E-03  0.0000    +-  0.0000    
.64000     MeV-- 0.95000E-02+- 0.23571E-02  0.0000    +-  0.0000      0.0000    +-  0.0000    
.66000     MeV-- 0.75000E-02+- 0.17857E-02 0.20000E-02+- 0.96890E-03  0.0000    +-  0.0000    
.68000     MeV-- 0.13500E-01+- 0.26926E-02 0.50000E-03+- 0.50000E-03  0.0000    +-  0.0000    
.70000     MeV-- 0.80000E-02+- 0.23079E-02  0.0000    +-  0.0000      0.0000    +-  0.0000    
.72000     MeV-- 0.80000E-02+- 0.21946E-02 0.50000E-03+- 0.50000E-03  0.0000    +-  0.0000    
.74000     MeV-- 0.80000E-02+- 0.19483E-02  0.0000    +-  0.0000      0.0000    +-  0.0000    
.76000     MeV-- 0.70000E-02+- 0.20253E-02  0.0000    +-  0.0000      0.0000    +-  0.0000    
.78000     MeV-- 0.14500E-01+- 0.22689E-02  0.0000    +-  0.0000      0.0000    +-  0.0000    
.80000     MeV-- 0.10500E-01+- 0.22689E-02 0.50000E-03+- 0.50000E-03  0.0000    +-  0.0000    
.82000     MeV-- 0.85000E-02+- 0.22143E-02  0.0000    +-  0.0000      0.0000    +-  0.0000    
.84000     MeV-- 0.95000E-02+- 0.22463E-02  0.0000    +-  0.0000      0.0000    +-  0.0000    
.86000     MeV-- 0.90000E-02+- 0.21141E-02  0.0000    +-  0.0000      0.0000    +-  0.0000    
.88000     MeV-- 0.10000E-01+- 0.20203E-02  0.0000    +-  0.0000      0.0000    +-  0.0000    
.90000     MeV-- 0.95000E-02+- 0.22463E-02  0.0000    +-  0.0000      0.0000    +-  0.0000    
.92000     MeV-- 0.50000E-02+- 0.15972E-02  0.0000    +-  0.0000      0.0000    +-  0.0000    
.94000     MeV-- 0.95000E-02+- 0.21297E-02  0.0000    +-  0.0000      0.0000    +-  0.0000    
.96000     MeV-- 0.10000E-01+- 0.26726E-02  0.0000    +-  0.0000      0.0000    +-  0.0000    
.98000     MeV-- 0.95000E-02+- 0.20064E-02  0.0000    +-  0.0000      0.0000    +-  0.0000    
1.0000     MeV--  4.9300    +- 0.49739E-01  0.0000    +-  0.0000      0.0000    +-  0.0000    


 ENERGY DEPOSITION SUMMARY FOR PARTICLES WITH IQ=-1
                                                       IARG
                   0               1             2              3              4                ROW SUM
   REGION

      1       0.2351465E-01   0.000000      0.2263632E-02   0.000000       0.000000           0.2577829E-01
      2       0.1623924E-01   0.000000      0.1268905E-02   0.000000       0.000000           0.1750815E-01
      3       0.1883388E-04   0.000000      0.1568007E-05   0.000000       0.000000           0.2040189E-04
      4        0.000000       0.000000       0.000000      0.7867548E-03   0.000000           0.7867548E-03

   COL SUM    0.3977273E-01   0.000000      0.3534106E-02  0.7867548E-03   0.000000           0.4409359E-01


 ENERGY DEPOSITION SUMMARY FOR PARTICLES WITH IQ= 0
                                                       IARG
                   0               1             2              3              4                ROW SUM
   REGION

      1        0.000000       0.000000      0.3615230E-05   0.000000       0.000000           0.3615230E-05
      2        0.000000       0.000000       0.000000       0.000000       0.000000            0.000000    
      3        0.000000       0.000000       0.000000       0.000000       0.000000            0.000000    
      4        0.000000       0.000000       0.000000      0.9558807       0.000000           0.9558807    

   COL SUM     0.000000       0.000000      0.3615230E-05  0.9558807       0.000000           0.9558844    


 ENERGY DEPOSITION SUMMARY FOR PARTICLES WITH IQ= 1
                                                       IARG
                   0               1             2              3              4                ROW SUM
   REGION

      1        0.000000       0.000000       0.000000       0.000000       0.000000            0.000000    
      2        0.000000       0.000000       0.000000       0.000000       0.000000            0.000000    
      3        0.000000       0.000000       0.000000       0.000000       0.000000            0.000000    
      4        0.000000       0.000000       0.000000       0.000000       0.000000            0.000000    

   COL SUM     0.000000       0.000000       0.000000       0.000000       0.000000            0.000000    


 ENERGY DEPOSITION SUMMARY FOR ALL PARTICLES:
                                                       IARG
                   0               1             2              3              4                ROW SUM
   REGION

      1       0.2351465E-01   0.000000      0.2267247E-02   0.000000       0.000000           0.2578190E-01
      2       0.1623924E-01   0.000000      0.1268905E-02   0.000000       0.000000           0.1750815E-01
      3       0.1883388E-04   0.000000      0.1568007E-05   0.000000       0.000000           0.2040189E-04
      4        0.000000       0.000000       0.000000      0.9566675       0.000000           0.9566675    

   COL SUM    0.3977273E-01   0.000000      0.3537721E-02  0.9566675       0.000000           0.9999779    


 TOTAL FRACTION=  0.9999779         NOTE: THIS NUMBER SHOULD BE VERY CLOSE TO UNITY




 SUMMARY OF EVENT COUNT FOR PARTICLES WITH IQ=-1
                                                       IARG
                   0               1             2              3              4                ROW SUM
   REGION

      1             1157297              0          22970              0              0             1180267
      2             3318517              0         126777              0              0             3445294
      3                2955              0             16              0              0                2971
      4                   0              0              0            207              0                 207

   COL SUM          4478769              0         149763            207              0             4628739


 SUMMARY OF EVENT COUNT FOR PARTICLES WITH IQ= 0
                                                       IARG
                   0               1             2              3              4                ROW SUM
   REGION

      1               19949              0             97              0              0               20046
      2               41453              0              0              0              0               41453
      3              125599              0              0              0              0              125599
      4                   0              0              0          99638              0               99638

   COL SUM           187001              0             97          99638              0              286736


 SUMMARY OF EVENT COUNT FOR PARTICLES WITH IQ= 1
                                                       IARG
                   0               1             2              3              4                ROW SUM
   REGION

      1                   0              0              0              0              0                   0
      2                   0              0              0              0              0                   0
      3                   0              0              0              0              0                   0
      4                   0              0              0              0              0                   0

   COL SUM                0              0              0              0              0                   0


 SUMMARY OF EVENT COUNT FOR ALL PARTICLES:
                                                       IARG
                   0               1             2              3              4                ROW SUM
   REGION

      1             1177246              0          23067              0              0             1200313
      2             3359970              0         126777              0              0             3486747
      3              128554              0             16              0              0              128570
      4                   0              0              0          99845              0               99845

   COL SUM          4665770              0         149860          99845              0             4915475


 TOTAL NUMBER OF EVENTS=        4915475
